<?xml version="1.0" encoding="UTF-8"?>
<!-- Generated by org.testng.reporters.JUnitReportReporter -->
<testsuite hostname="LAPTOP-77PK29V5" failures="3" tests="5" name="testRunner.pwdRunner" time="46.764" errors="0" timestamp="2025-07-25T17:41:11 IST" skipped="0">
  <testcase classname="testRunner.pwdRunner" name="runScenario" time="4.956">
    <failure message="Validation failed for long password" type="java.lang.AssertionError">
      <![CDATA[java.lang.AssertionError: Validation failed for long password
at stepDefinitions.PasswordFieldSteps.validateError(PasswordFieldSteps.java:117)
at stepDefinitions.PasswordFieldSteps.validate_password_of_type_using_data_from(PasswordFieldSteps.java:87)
at ✽.I validate password of type "long" using data from "src/test/resources/data/passwordData.csv"(file:///C:/Cognizant/Sprint2/sprint2/src/test/resources/features/pwd01.feature:15)
]]>
    </failure>
  </testcase> <!-- runScenario -->
  <testcase classname="testRunner.pwdRunner" name="runScenario" time="7.639">
    <failure message="Validation failed for blank password" type="java.lang.AssertionError">
      <![CDATA[java.lang.AssertionError: Validation failed for blank password
at stepDefinitions.PasswordFieldSteps.validateError(PasswordFieldSteps.java:117)
at stepDefinitions.PasswordFieldSteps.validate_password_of_type_using_data_from(PasswordFieldSteps.java:87)
at ✽.I validate password of type "blank" using data from "src/test/resources/data/passwordData.csv"(file:///C:/Cognizant/Sprint2/sprint2/src/test/resources/features/pwd01.feature:7)
]]>
    </failure>
  </testcase> <!-- runScenario -->
  <testcase classname="testRunner.pwdRunner" name="runScenario" time="13.703"/>
  <testcase classname="testRunner.pwdRunner" name="runScenario" time="15.500"/>
  <testcase classname="testRunner.pwdRunner" name="runScenario" time="4.966">
    <failure message="Validation failed for short password" type="java.lang.AssertionError">
      <![CDATA[java.lang.AssertionError: Validation failed for short password
at stepDefinitions.PasswordFieldSteps.validateError(PasswordFieldSteps.java:117)
at stepDefinitions.PasswordFieldSteps.validate_password_of_type_using_data_from(PasswordFieldSteps.java:87)
at ✽.I validate password of type "short" using data from "src/test/resources/data/passwordData.csv"(file:///C:/Cognizant/Sprint2/sprint2/src/test/resources/features/pwd01.feature:11)
]]>
    </failure>
  </testcase> <!-- runScenario -->
</testsuite> <!-- testRunner.pwdRunner -->
